[debug] [2019-05-15T13:03:32.462Z] ----------------------------------------------------------------------
[debug] [2019-05-15T13:03:32.464Z] Command:       C:\Program Files\nodejs\node.exe C:\Program Files\nodejs\node_modules\firebase-tools\lib\bin\firebase.js serve
[debug] [2019-05-15T13:03:32.464Z] CLI Version:   6.9.2
[debug] [2019-05-15T13:03:32.464Z] Platform:      win32
[debug] [2019-05-15T13:03:32.464Z] Node Version:  v12.2.0
[debug] [2019-05-15T13:03:32.466Z] Time:          Wed May 15 2019 09:03:32 GMT-0400 (Eastern Daylight Time)
[debug] [2019-05-15T13:03:32.466Z] ----------------------------------------------------------------------
[debug] 
[debug] [2019-05-15T13:03:32.649Z] > command requires scopes: ["email","openid","https://www.googleapis.com/auth/cloudplatformprojects.readonly","https://www.googleapis.com/auth/firebase","https://www.googleapis.com/auth/cloud-platform"]
[debug] [2019-05-15T13:03:32.649Z] > authorizing via signed-in user
[debug] [2019-05-15T13:03:32.650Z] [iam] checking project mtg-trader-12f5e for permissions ["firebase.projects.get"]
[debug] [2019-05-15T13:03:32.651Z] > refreshing access token with scopes: ["email","https://www.googleapis.com/auth/cloud-platform","https://www.googleapis.com/auth/cloudplatformprojects.readonly","https://www.googleapis.com/auth/firebase","openid"]
[debug] [2019-05-15T13:03:32.652Z] >>> HTTP REQUEST POST https://www.googleapis.com/oauth2/v3/token  
 <request body omitted>
[debug] [2019-05-15T13:03:32.811Z] <<< HTTP RESPONSE 200
[debug] [2019-05-15T13:03:32.855Z] >>> HTTP REQUEST POST https://cloudresourcemanager.googleapis.com/v1/projects/mtg-trader-12f5e:testIamPermissions  

[debug] [2019-05-15T13:03:33.068Z] <<< HTTP RESPONSE 200
[debug] [2019-05-15T13:03:33.071Z] >>> HTTP REQUEST GET https://cloudresourcemanager.googleapis.com/v1/projects/mtg-trader-12f5e  
 
[debug] [2019-05-15T13:03:33.260Z] <<< HTTP RESPONSE 200
[info] 
[info] === Serving from 'D:\personalWebsiteCopy'...
[info] 
[debug] [2019-05-15T13:03:33.265Z] >>> HTTP REQUEST GET https://mobilesdk-pa.googleapis.com/v1/projects/861838062847/clients/_:getWebAppConfig  
 
[debug] [2019-05-15T13:03:33.721Z] <<< HTTP RESPONSE 200
[info] i  hosting: Serving hosting files from: public
[info] +  hosting: Local server: http://localhost:5000
